nohup: ignoring input
Traceback (most recent call last):
  File "/home/ubuntu/project/grasp_data/factset_ec_scraper.py", line 579, in <module>
    run()
  File "/home/ubuntu/project/grasp_data/factset_ec_scraper.py", line 495, in run
    with browser_ctx() as (page, ctx, b):
  File "/usr/lib/python3.10/contextlib.py", line 135, in __enter__
    return next(self.gen)
  File "/home/ubuntu/project/grasp_data/factset_ec_scraper.py", line 92, in browser_ctx
    b = p.chromium.launch(headless=HEADLESS, args=["--disable-features=PreloadMediaEngagementData,AutofillServerCommunication"])
  File "/home/ubuntu/.local/lib/python3.10/site-packages/playwright/sync_api/_generated.py", line 14532, in launch
    self._sync(
  File "/home/ubuntu/.local/lib/python3.10/site-packages/playwright/_impl/_sync_base.py", line 115, in _sync
    return task.result()
  File "/home/ubuntu/.local/lib/python3.10/site-packages/playwright/_impl/_browser_type.py", line 98, in launch
    await self._channel.send(
  File "/home/ubuntu/.local/lib/python3.10/site-packages/playwright/_impl/_connection.py", line 69, in send
    return await self._connection.wrap_api_call(
  File "/home/ubuntu/.local/lib/python3.10/site-packages/playwright/_impl/_connection.py", line 559, in wrap_api_call
    raise rewrite_error(error, f"{parsed_st['apiName']}: {error}") from None
playwright._impl._errors.Error: BrowserType.launch: 
╔══════════════════════════════════════════════════════╗
║ Host system is missing dependencies to run browsers. ║
║ Please install them with the following command:      ║
║                                                      ║
║     sudo playwright install-deps                     ║
║                                                      ║
║ Alternatively, use apt:                              ║
║     sudo apt-get install libatk1.0-0\                ║
║         libatk-bridge2.0-0\                          ║
║         libcups2\                                    ║
║         libxkbcommon0\                               ║
║         libatspi2.0-0\                               ║
║         libxcomposite1\                              ║
║         libxdamage1\                                 ║
║         libxrandr2\                                  ║
║         libcairo2\                                   ║
║         libpango-1.0-0\                              ║
║         libasound2                                   ║
║                                                      ║
║ <3 Playwright Team                                   ║
╚══════════════════════════════════════════════════════╝
